0.21690814573569994
0.6151493802427773
0.6948970509179564
0.8108416819768216
0.8739439432999492
0.993223564197454
1.1146607237951978
1.1762873240768847
1.2761090447184518
1.4046981727345516
1.4950429121641515
1.5934678026337714
1.6980329960938962
1.797849323794501
1.8993435742183165
1.9982974103002977
2.1022896251022125
2.203152356497452
2.302577500667143
2.4075761447941
2.498983212000573
2.5995118986844985
2.699679303402606
2.8007657953918588
2.9000558951718105
2.9986893328958737
3.1012181601382083
3.201541448931993
3.298804308566896
3.399859142388144
3.497404556222581
3.5953313919082985
3.702145687762937
3.798894543402462
3.899432525490481
4.000111223808052
4.097743705921473
4.200142793207157
4.299442194296371
4.400016832817001
4.501092989107196
4.5998918367002615
4.700711139333085
4.799920298403024
4.899179603255256
4.999804327217034
5.100241976677189
5.19992899465515
5.300051191436724
5.400809376424459
5.4996518050407115
5.600343455304328
5.699916359497277
5.79936275306089
5.900798658011018
5.999452051569184
6.0998454079625155
6.200030884137801
6.30050359640972
6.399237049590668
6.500569723872275
6.600275283600382
6.700035416420328
6.800373623125236
6.899982794941781
6.999681834399943
7.099850496860186
7.200133648163899
7.300119910469421
7.400017313189652
7.500159293700023
7.600238234239644
7.699928551783877
7.800285154547034
7.90004130437749
8.000115874461757
8.099516226738945
8.199971026127661
8.300000147395208
8.39985540821736
8.499986828642315
8.599932049179682
8.700025273720614
8.800002779392507
8.900032983453158
9.000102596576621
9.09998926210629
9.199809350649844
9.2996273077274
9.399986879445684
9.500082497585044
9.5999044751948
9.699968949590327
9.799697875119074
9.900086547135968
9.999743848280023
10.100103830947454
10.199934214139185
10.299745175893941
10.399977600086396
10.500068859622466
10.600133676786463
10.700077112533084
10.799918233788102
10.900124799682686
10.999986107560481
11.09997303643684
11.199888599675381
11.299844803144094
11.400071596700707
11.499908175481426
11.600084664950948
11.700156026106363
11.800040365466788
11.90010764841659
11.999996831662493
12.099897331993947
12.199973037521605
12.30002528981967
12.400024570483724
12.499996448610872
12.599709054666492
12.700018106771862
12.799960737272968
12.900044595359457
12.999990454409767
13.100001803847745
13.199983437370273
13.300098650072506
13.399936525190817
13.500061706960762
13.599946605214772
13.70003363191054
13.799928878833926
13.900023455794326
14.000025045930213
14.099986997640112
14.200031671980359
14.299975893936967
14.399973155916248
14.500007068922663
14.600076442655705
14.699994968738132
14.799993187227878
14.900015143599019
14.999966558531746
15.100101808756893
15.199939510205542
15.300033644838438
15.400009139026803
15.499924714919512
15.599986965597939
15.699846019949362
15.799929020555458
15.899985026240758
16.000062767704723
16.10001169036103
16.199947309733354
16.299936796878722
16.40003011670074
16.499966153839793
16.60002295393762
16.700014582821073
16.800026230715773
16.90004363764906
16.999982941404234
17.099980794679684
17.19996481912147
17.299999179608182
17.39997668016549
17.499916375117984
17.59996596212371
17.699998932654147
17.800011768865478
17.900025033825905
18.000077042384326
18.099993268643082
18.20006526322196
18.299962055641345
18.399956412883956
18.49998762546437
18.599941991851612
18.699976224961752
18.800032672391175
18.900001139524637
19.000030933141698
19.10000700427789
19.20000445114053
19.29999301892389
19.400054043557688
19.500035646186657
19.599996697285864
19.700021313919745
19.80001951363597
19.900003312603342
20.000045361206602
20.100012613231623
20.199989281627026
20.300025302044048
20.40006369059151
20.499978718865666
20.599998208842266
20.700030414505708
20.800009040914922
20.900003632248374
20.999999854024956
21.099998335262196
21.199972874865345
21.300027647769397
21.400009397276264
21.49999971722053
21.599986087039422
21.699998160251088
21.799995122224455
21.900026597756153
21.99997173144435
22.09997769127915
22.200034661828226
22.30006735491952
22.399990844818706
22.500003066396182
22.599990646491197
22.70000446253603
22.799997001778873
22.899991302225523
22.99994282531724
23.099997391279405
23.199957803434785
23.300012328117827
23.399990135624464
23.499995010107217
23.599971280261784
23.69991708756391
23.80000824254689
23.90001205710319
24.000034171779582
24.0999926442438
24.20001347148423
24.29995973555881
24.39991000212539
24.49998633796842
24.600066091593057
24.700055060381473
24.800012549363014
24.89992866437268
25.000014674087524
25.10001249295788
25.199976611849948
25.299994695868623
25.39999614863996
25.500032167710003
25.599999557646708
25.69999934790824
25.79996981804828
25.899954777526883
25.999969792127597
26.1000027716008
26.20003983023806
26.29999855079325
26.399948391819013
26.49999526196986
26.599963457152583
26.700006667840928
26.800020147255506
26.900009022688444
27.000019435583873
27.099993737367736
27.199996525139174
27.299997409800763
27.40000436748654
27.499956147008724
27.600063042397206
27.70006970116536
27.79999673992318
27.900003113472845
28.000073405040244
28.100035115107246
28.199997362164392
28.300002883121277
28.399999852562626
28.499988966650278
28.599994293423812
28.69999711446593
28.800019008936346
28.89998813118831
29.000025640312032
29.100012343582243
29.200007120596656
29.30000384089822
29.3999965016168
29.499950783093656
29.60000042545197
29.700008633988922
29.799991038264857
29.899959795177796
30.00000154735837
