 Energy:   144304951940.33469     
 Energy:   33724596.168911055     
 Energy:   12627723.373936653     
 Energy:   3630492.8244363284     
 Energy:   1978639.2611477305     
 Energy:   699902.36357921793     
 Energy:   273084.34674163256     
 Energy:   175739.37233257567     
 Energy:   89955.240835791905     
 Energy:   40660.090768360184     
 Energy:   24200.105034104090     
 Energy:   14186.573543161494     
 Energy:   8297.4440719205541     
 Energy:   5103.3314455699783     
 Energy:   3184.5155072780467     
 Energy:   2049.7716623101073     
 Energy:   1313.3243719212439     
 Energy:   865.86457426279992     
 Energy:   581.55070618234561     
 Energy:   386.42034489277370     
 Energy:   272.91527945297554     
 Energy:   187.48539976739087     
 Energy:   129.68544925088275     
 Energy:   89.724634162132716     
 Energy:   62.570219508272075     
 Energy:   43.688469323153839     
 Energy:   29.941420984184322     
 Energy:   20.509834949955327     
 Energy:   14.018648686873229     
 Energy:   9.2254633552219278     
 Energy:   5.9410117890865504     
 Energy:   3.5912244795240795     
 Energy:   1.8005819186674781     
 Energy:  0.67651009734022027     
 Energy: -0.13324400065886863     
 Energy: -0.68033544202942497     
 Energy:  -1.0295587959436665     
 Energy:  -1.2584454451802536     
 Energy:  -1.3844680871254140     
 Energy:  -1.4441022527648799     
 Energy:  -1.4557856636531399     
 Energy:  -1.4350289217548500     
 Energy:  -1.3918393453000311     
 Energy:  -1.3352967943890266     
 Energy:  -1.2702869484826396     
 Energy:  -1.1997906164683672     
 Energy:  -1.1276952127095441     
 Energy:  -1.0564229195871422     
 Energy: -0.98648983548171221     
 Energy: -0.91870039250984992     
 Energy: -0.85528493282578566     
 Energy: -0.79415640003937271     
 Energy: -0.73730862498826955     
 Energy: -0.68414111675865530     
 Energy: -0.63357054671119506     
 Energy: -0.58782461934976493     
 Energy: -0.54460289788025718     
 Energy: -0.50464835844347933     
 Energy: -0.46758101717895378     
 Energy: -0.43389867871793908     
 Energy: -0.40196620638767222     
 Energy: -0.37296931834879560     
 Energy: -0.34618550422169087     
 Energy: -0.32132663323643218     
 Energy: -0.29855370363593980     
 Energy: -0.27751348761167416     
 Energy: -0.25800165159639588     
 Energy: -0.23997173240710049     
 Energy: -0.22337362199441532     
 Energy: -0.20805431496394564     
 Energy: -0.19386355143496437     
 Energy: -0.18075403951518201     
 Energy: -0.16867531369449462     
 Energy: -0.15742410937452861     
 Energy: -0.14707082355473369     
 Energy: -0.13744969528589934     
 Energy: -0.12859184437705573     
 Energy: -0.12029073163726582     
 Energy: -0.11262344209262094     
 Energy: -0.10551817865816547     
 Energy:  -9.8900612355258349E-002
 Energy:  -9.2762390772569772E-002
 Energy:  -8.7046370812185941E-002
 Energy:  -8.1734644925714917E-002
 Energy:  -7.6787343755166604E-002
 Energy:  -7.2177565468011143E-002
 Energy:  -6.7889251769144537E-002
 Energy:  -6.3892659715922048E-002
 Energy:  -6.0163380705505760E-002
 Energy:  -5.6663272918937753E-002
 Energy:  -5.3403089134842548E-002
 Energy:  -5.0364489401630158E-002
 Energy:  -4.7516083648266212E-002
 Energy:  -4.4859929541104293E-002
 Energy:  -4.2357158490433353E-002
 Energy:  -4.0030205535592035E-002
 Energy:  -3.7834279338441294E-002
 Energy:  -3.5786423722952064E-002
 Energy:  -3.3865564244783514E-002
 Energy:  -3.2055194098607909E-002
 Energy:  -3.0357805420827676E-002
 Energy:  -2.8763632236307644E-002
 Energy:  -2.7267033439733954E-002
 Energy:  -2.5860975656826980E-002
 Energy:  -2.4533259916802740E-002
 Energy:  -2.3287812938179758E-002
 Energy:  -2.2113389657532283E-002
 Energy:  -2.1007631736347784E-002
 Energy:  -1.9964864573549221E-002
 Energy:  -1.8978892447245953E-002
 Energy:  -1.8052297112845370E-002
 Energy:  -1.7174742422510859E-002
 Energy:  -1.6346997152848607E-002
 Energy:  -1.5566489589450965E-002
 Energy:  -1.4827472478051959E-002
 Energy:  -1.4129968321245962E-002
 Energy:  -1.3470102996365670E-002
 Energy:  -1.2844591183542841E-002
 Energy:  -1.2252611152851036E-002
 Energy:  -1.1692290615648341E-002
 Energy:  -1.1161584674857008E-002
 Energy:  -1.0659856085296907E-002
 Energy:  -1.0181313807082093E-002
 Energy:  -9.7291036361226366E-003
 Energy:  -9.2994264610168804E-003
 Energy:  -8.8921410617817179E-003
 Energy:  -8.5051507715660692E-003
 Energy:  -8.1376591870153218E-003
 Energy:  -7.7880060845093293E-003
 Energy:  -7.4565557649604866E-003
 Energy:  -7.1404753197630262E-003
 Energy:  -6.8405389143540336E-003
 Energy:  -6.5545627346572707E-003
 Energy:  -6.2828741138753240E-003
 Energy:  -6.0236653208587433E-003
 Energy:  -5.7770122250524157E-003
 Energy:  -5.5420960156372292E-003
 Energy:  -5.3180181445942418E-003
 Energy:  -5.1045977634270618E-003
 Energy:  -4.9009559580556047E-003
 Energy:  -4.7066171094727171E-003
 Energy:  -4.5211050686000754E-003
 Energy:  -4.3442937325731375E-003
 Energy:  -4.1753312210709541E-003
 Energy:  -4.0139183004079823E-003
 Energy:  -3.8598141755307610E-003
 Energy:  -3.7122773956636975E-003
 Energy:  -3.5716608908414327E-003
 Energy:  -3.4368589278270011E-003
 Energy:  -3.3080819525749170E-003
 Energy:  -3.1849508234798687E-003
 Energy:  -3.0669445804493338E-003
 Energy:  -2.9542139126045551E-003
 Energy:  -2.8460347535817590E-003
 Energy:  -2.7424590319520461E-003
 Energy:  -2.6432189148337714E-003
 Energy:  -2.5482488627838092E-003
 Energy:  -2.4572346339946363E-003
 Energy:  -2.3699322720364671E-003
 Energy:  -2.2861295309514725E-003
 Energy:  -2.2058771864216487E-003
 Energy:  -2.1287899393575001E-003
 Energy:  -2.0548659612446528E-003
 Energy:  -1.9838958939405109E-003
 Energy:  -1.9157566503067169E-003
 Energy:  -1.8503742389431763E-003
 Energy:  -1.7875363615045422E-003
 Energy:  -1.7271758895828621E-003
 Energy:  -1.6691439460301454E-003
 Energy:  -1.6133990062869076E-003
 Energy:  -1.5598280721464228E-003
 Energy:  -1.5082593248299306E-003
 Energy:  -1.4586716767605945E-003
 Energy:  -1.4109795345558342E-003
 Energy:  -1.3650928053018717E-003
 Energy:  -1.3209158165875840E-003
 Energy:  -1.2784499907815565E-003
 Energy:  -1.2375016035224902E-003
 Energy:  -1.1981392698121858E-003
 Energy:  -1.1601908082332058E-003
 Energy:  -1.1236194465068148E-003
 Energy:  -1.0884104442713456E-003
 Energy:  -1.0544515261154180E-003
 Energy:  -1.0217120784222246E-003
 Energy:  -9.9017747795703838E-004
 Energy:  -9.5975174666645870E-004
 Energy:  -9.3042409823047758E-004
 Energy:  -9.0212799440798810E-004
 Energy:  -8.7483113023140060E-004
 Energy:  -8.4847218527069306E-004
 Energy:  -8.2305318808890179E-004
 Energy:  -7.9852137478178141E-004
 Energy:  -7.7482150392835160E-004
 Energy:  -7.5194252457734653E-004
 Energy:  -7.2984954104913949E-004
 Energy:  -7.0849622467096323E-004
 Energy:  -6.8788222623940233E-004
 Energy:  -6.6796095018711551E-004
 Energy:  -6.4869700154456173E-004
 Energy:  -6.3007650633457109E-004
 Energy:  -6.1209734860311700E-004
 Energy:  -5.9469480734158345E-004
 Energy:  -5.7786347996864704E-004
 Energy:  -5.6159312243667873E-004
 Energy:  -5.4585108523928490E-004
 Energy:  -5.3062023868510942E-004
 Energy:  -5.1588174139645371E-004
 Energy:  -5.0162127512283494E-004
 Energy:  -4.8780664640397470E-004
 Energy:  -4.7444285935621872E-004
 Energy:  -4.6150230518856509E-004
 Energy:  -4.4897143577241885E-004
 Energy:  -4.3683209267004417E-004
 Energy:  -4.2507508391944975E-004
 Energy:  -4.1368113380571960E-004
 Energy:  -4.0265064892496287E-004
 Energy:  -3.9195480027701661E-004
 Energy:  -3.8158317461076764E-004
 Energy:  -3.7153227259105736E-004
 Energy:  -3.6179900702509285E-004
 Energy:  -3.5235295482601703E-004
 Energy:  -3.4319534537251024E-004
 Energy:  -3.3431144913654458E-004
 Energy:  -3.2569606805090583E-004
 Energy:  -3.1733805916329505E-004
 Energy:  -3.0923234638508126E-004
 Energy:  -3.0135881898165674E-004
 Energy:  -2.9372487675302173E-004
 Energy:  -2.8630830604159109E-004
 Energy:  -2.7911453056754401E-004
 Energy:  -2.7212861377305252E-004
 Energy:  -2.6534733816754418E-004
 Energy:  -2.5876422615231219E-004
 Energy:  -2.5236135099465499E-004
 Energy:  -2.4614767488454549E-004
 Energy:  -2.4011049884924130E-004
 Energy:  -2.3424877567038995E-004
 Energy:  -2.2854956811633711E-004
 Energy:  -2.2301542825944271E-004
 Energy:  -2.1763649055580721E-004
 Energy:  -2.1240161625268086E-004
 Energy:  -2.0731277285566095E-004
 Energy:  -2.0236979385069857E-004
 Energy:  -1.9756504198384606E-004
 Energy:  -1.9289462237533702E-004
 Energy:  -1.8834473663206786E-004
 Energy:  -1.8392332235328296E-004
 Energy:  -1.7962375598548955E-004
 Energy:  -1.7543857231424329E-004
 Energy:  -1.7136734396400806E-004
 Energy:  -1.6740436679751382E-004
 Energy:  -1.6355038516211573E-004
 Energy:  -1.5979827120387501E-004
 Energy:  -1.5614704671772632E-004
 Energy:  -1.5259227075702469E-004
 Energy:  -1.4913033706721968E-004
 Energy:  -1.4575901666848026E-004
 Energy:  -1.4247605544080852E-004
 Energy:  -1.3928134851749218E-004
 Energy:  -1.3617016296937602E-004
 Energy:  -1.3313669848051416E-004
 Energy:  -1.3018403136244849E-004
 Energy:  -1.2730528515989957E-004
 Energy:  -1.2450124567998951E-004
 Energy:  -1.2176959072124899E-004
 Energy:  -1.1910697982205976E-004
 Energy:  -1.1651285491505060E-004
 Energy:  -1.1398367270869918E-004
 Energy:  -1.1151829234074757E-004
 Energy:  -1.0911470104137797E-004
 Energy:  -1.0677250766472523E-004
 Energy:  -1.0448521619071259E-004
 Energy:  -1.0225705358895107E-004
 Energy:  -1.0008575316393332E-004
 Energy:  -9.7966362589068596E-005
 Energy:  -9.5897811567382125E-005
 Energy:  -9.3882116723581491E-005
 Energy:  -9.1915631636473827E-005
 Energy:  -8.9996157715212469E-005
 Energy:  -8.8123418988043109E-005
 Energy:  -8.6296083279957490E-005
 Energy:  -8.4512458880834650E-005
 Energy:  -8.2771722061337260E-005
 Energy:  -8.1072314077463187E-005
 Energy:  -7.9414280299217656E-005
 Energy:  -7.7794568891370190E-005
 Energy:  -7.6214008005906809E-005
 Energy:  -7.4670635507044194E-005
 Energy:  -7.3163542844012855E-005
 Energy:  -7.1691843195470574E-005
 Energy:  -7.0255077436240021E-005
 Energy:  -6.8850440606857416E-005
 Energy:  -6.7478999583300660E-005
 Energy:  -6.6139625147927577E-005
 Energy:  -6.4831335329312200E-005
 Energy:  -6.3552172884689330E-005
